<?xml version="1.0" encoding="UTF-8" ?>
<testsuite tests="20" failures="0" name="edu.wiu.gofish.GameTest" time="0.024" errors="0" skipped="0">
  <properties>
[...]
</properties>
  <testcase classname="edu.wiu.gofish.GameTest" name="testCheckGameOver" time="0.005"/>
  <testcase classname="edu.wiu.gofish.GameTest" name="testStartGame" time="0"/>
  <testcase classname="edu.wiu.gofish.GameTest" name="testGetPlayerCount" time="0.001"/>
  <testcase classname="edu.wiu.gofish.GameTest" name="testGetCurrentTurn" time="0"/>
  <testcase classname="edu.wiu.gofish.GameTest" name="testGetWhoAsked" time="0"/>
  <testcase classname="edu.wiu.gofish.GameTest" name="testGetDeck" time="0"/>
  <testcase classname="edu.wiu.gofish.GameTest" name="testGetFreq" time="0"/>
  <testcase classname="edu.wiu.gofish.GameTest" name="testGetCurrentPlayers" time="0"/>
  <testcase classname="edu.wiu.gofish.GameTest" name="testGetGameOver" time="0"/>
  <testcase classname="edu.wiu.gofish.GameTest" name="testGetPlayers" time="0"/>
  <testcase classname="edu.wiu.gofish.GameTest" name="testGetCurrentTurnName" time="0.001"/>
  <testcase classname="edu.wiu.gofish.GameTest" name="testCreateCard" time="0"/>
  <testcase classname="edu.wiu.gofish.GameTest" name="testGetCurrentTurnPlayer" time="0.001"/>
  <testcase classname="edu.wiu.gofish.GameTest" name="testCheckHand" time="0.008"/>
  <testcase classname="edu.wiu.gofish.GameTest" name="testGetImg" time="0"/>
  <testcase classname="edu.wiu.gofish.GameTest" name="testGoFish" time="0.001"/>
  <testcase classname="edu.wiu.gofish.GameTest" name="testGetPlayer" time="0"/>
  <testcase classname="edu.wiu.gofish.GameTest" name="testSetNextPlayerTurn" time="0.006"/>
  <testcase classname="edu.wiu.gofish.GameTest" name="testGetWinner" time="0"/>
  <testcase classname="edu.wiu.gofish.GameTest" name="testIsMatch" time="0.001"/>
</testsuite>