<?xml version="1.0" encoding="UTF-8" ?>
<testsuite tests="266" failures="0" name="edu.wiu.gofish.AllTest" time="0.013" errors="0" skipped="0">
  <properties>
[...]
</properties>
  <testcase classname="edu.wiu.gofish.AiTest" name="testsetCurrentCard" time="0"/>
  <testcase classname="edu.wiu.gofish.AiTest" name="testGetCurrentCard" time="0"/>
  <testcase classname="edu.wiu.gofish.AiTest" name="testGetAi" time="0.001"/>
  <testcase classname="edu.wiu.gofish.AiTest" name="testsetCurrent_Target" time="0"/>
  <testcase classname="edu.wiu.gofish.AiTest" name="testGetDifficulty" time="0"/>
  <testcase classname="edu.wiu.gofish.AiTest" name="testGetCurrent_Target" time="0"/>
  <testcase classname="edu.wiu.gofish.AiTest" name="testDecideCardEasy" time="0.001"/>
  <testcase classname="edu.wiu.gofish.AiTest" name="testDecidePlayer" time="0"/>
  <testcase classname="edu.wiu.gofish.AiTest" name="testSetDifficulty0" time="0"/>
  <testcase classname="edu.wiu.gofish.AiTest" name="testSetDifficulty1" time="0"/>
  <testcase classname="edu.wiu.gofish.AiTest" name="testSetDifficulty2" time="0"/>
  <testcase classname="edu.wiu.gofish.CardTest" name="testGetRankString[0]" time="0"/>
  <testcase classname="edu.wiu.gofish.CardTest" name="testGetRank[0]" time="0"/>
  <testcase classname="edu.wiu.gofish.CardTest" name="testGetSuit[0]" time="0"/>
  <testcase classname="edu.wiu.gofish.CardTest" name="testGetSuitString[0]" time="0"/>
  <testcase classname="edu.wiu.gofish.CardTest" name="testGetRankString[1]" time="0"/>
  <testcase classname="edu.wiu.gofish.CardTest" name="testGetRank[1]" time="0"/>
  <testcase classname="edu.wiu.gofish.CardTest" name="testGetSuit[1]" time="0"/>
  <testcase classname="edu.wiu.gofish.CardTest" name="testGetSuitString[1]" time="0"/>
  <testcase classname="edu.wiu.gofish.CardTest" name="testGetRankString[2]" time="0"/>
  <testcase classname="edu.wiu.gofish.CardTest" name="testGetRank[2]" time="0"/>
  <testcase classname="edu.wiu.gofish.CardTest" name="testGetSuit[2]" time="0"/>
  <testcase classname="edu.wiu.gofish.CardTest" name="testGetSuitString[2]" time="0"/>
  <testcase classname="edu.wiu.gofish.CardTest" name="testGetRankString[3]" time="0"/>
  <testcase classname="edu.wiu.gofish.CardTest" name="testGetRank[3]" time="0"/>
  <testcase classname="edu.wiu.gofish.CardTest" name="testGetSuit[3]" time="0"/>
  <testcase classname="edu.wiu.gofish.CardTest" name="testGetSuitString[3]" time="0"/>
  <testcase classname="edu.wiu.gofish.CardTest" name="testGetRankString[4]" time="0"/>
  <testcase classname="edu.wiu.gofish.CardTest" name="testGetRank[4]" time="0"/>
  <testcase classname="edu.wiu.gofish.CardTest" name="testGetSuit[4]" time="0"/>
  <testcase classname="edu.wiu.gofish.CardTest" name="testGetSuitString[4]" time="0"/>
  <testcase classname="edu.wiu.gofish.CardTest" name="testGetRankString[5]" time="0"/>
  <testcase classname="edu.wiu.gofish.CardTest" name="testGetRank[5]" time="0"/>
  <testcase classname="edu.wiu.gofish.CardTest" name="testGetSuit[5]" time="0"/>
  <testcase classname="edu.wiu.gofish.CardTest" name="testGetSuitString[5]" time="0"/>
  <testcase classname="edu.wiu.gofish.CardTest" name="testGetRankString[6]" time="0"/>
  <testcase classname="edu.wiu.gofish.CardTest" name="testGetRank[6]" time="0"/>
  <testcase classname="edu.wiu.gofish.CardTest" name="testGetSuit[6]" time="0"/>
  <testcase classname="edu.wiu.gofish.CardTest" name="testGetSuitString[6]" time="0"/>
  <testcase classname="edu.wiu.gofish.CardTest" name="testGetRankString[7]" time="0"/>
  <testcase classname="edu.wiu.gofish.CardTest" name="testGetRank[7]" time="0"/>
  <testcase classname="edu.wiu.gofish.CardTest" name="testGetSuit[7]" time="0"/>
  <testcase classname="edu.wiu.gofish.CardTest" name="testGetSuitString[7]" time="0"/>
  <testcase classname="edu.wiu.gofish.CardTest" name="testGetRankString[8]" time="0"/>
  <testcase classname="edu.wiu.gofish.CardTest" name="testGetRank[8]" time="0"/>
  <testcase classname="edu.wiu.gofish.CardTest" name="testGetSuit[8]" time="0"/>
  <testcase classname="edu.wiu.gofish.CardTest" name="testGetSuitString[8]" time="0"/>
  <testcase classname="edu.wiu.gofish.CardTest" name="testGetRankString[9]" time="0"/>
  <testcase classname="edu.wiu.gofish.CardTest" name="testGetRank[9]" time="0"/>
  <testcase classname="edu.wiu.gofish.CardTest" name="testGetSuit[9]" time="0"/>
  <testcase classname="edu.wiu.gofish.CardTest" name="testGetSuitString[9]" time="0"/>
  <testcase classname="edu.wiu.gofish.CardTest" name="testGetRankString[10]" time="0"/>
  <testcase classname="edu.wiu.gofish.CardTest" name="testGetRank[10]" time="0"/>
  <testcase classname="edu.wiu.gofish.CardTest" name="testGetSuit[10]" time="0"/>
  <testcase classname="edu.wiu.gofish.CardTest" name="testGetSuitString[10]" time="0"/>
  <testcase classname="edu.wiu.gofish.CardTest" name="testGetRankString[11]" time="0"/>
  <testcase classname="edu.wiu.gofish.CardTest" name="testGetRank[11]" time="0"/>
  <testcase classname="edu.wiu.gofish.CardTest" name="testGetSuit[11]" time="0.001"/>
  <testcase classname="edu.wiu.gofish.CardTest" name="testGetSuitString[11]" time="0"/>
  <testcase classname="edu.wiu.gofish.CardTest" name="testGetRankString[12]" time="0"/>
  <testcase classname="edu.wiu.gofish.CardTest" name="testGetRank[12]" time="0"/>
  <testcase classname="edu.wiu.gofish.CardTest" name="testGetSuit[12]" time="0"/>
  <testcase classname="edu.wiu.gofish.CardTest" name="testGetSuitString[12]" time="0"/>
  <testcase classname="edu.wiu.gofish.CardTest" name="testGetRankString[13]" time="0"/>
  <testcase classname="edu.wiu.gofish.CardTest" name="testGetRank[13]" time="0"/>
  <testcase classname="edu.wiu.gofish.CardTest" name="testGetSuit[13]" time="0"/>
  <testcase classname="edu.wiu.gofish.CardTest" name="testGetSuitString[13]" time="0"/>
  <testcase classname="edu.wiu.gofish.CardTest" name="testGetRankString[14]" time="0"/>
  <testcase classname="edu.wiu.gofish.CardTest" name="testGetRank[14]" time="0"/>
  <testcase classname="edu.wiu.gofish.CardTest" name="testGetSuit[14]" time="0"/>
  <testcase classname="edu.wiu.gofish.CardTest" name="testGetSuitString[14]" time="0"/>
  <testcase classname="edu.wiu.gofish.CardTest" name="testGetRankString[15]" time="0"/>
  <testcase classname="edu.wiu.gofish.CardTest" name="testGetRank[15]" time="0.001"/>
  <testcase classname="edu.wiu.gofish.CardTest" name="testGetSuit[15]" time="0"/>
  <testcase classname="edu.wiu.gofish.CardTest" name="testGetSuitString[15]" time="0"/>
  <testcase classname="edu.wiu.gofish.CardTest" name="testGetRankString[16]" time="0"/>
  <testcase classname="edu.wiu.gofish.CardTest" name="testGetRank[16]" time="0"/>
  <testcase classname="edu.wiu.gofish.CardTest" name="testGetSuit[16]" time="0"/>
  <testcase classname="edu.wiu.gofish.CardTest" name="testGetSuitString[16]" time="0"/>
  <testcase classname="edu.wiu.gofish.CardTest" name="testGetRankString[17]" time="0"/>
  <testcase classname="edu.wiu.gofish.CardTest" name="testGetRank[17]" time="0"/>
  <testcase classname="edu.wiu.gofish.CardTest" name="testGetSuit[17]" time="0"/>
  <testcase classname="edu.wiu.gofish.CardTest" name="testGetSuitString[17]" time="0"/>
  <testcase classname="edu.wiu.gofish.CardTest" name="testGetRankString[18]" time="0"/>
  <testcase classname="edu.wiu.gofish.CardTest" name="testGetRank[18]" time="0"/>
  <testcase classname="edu.wiu.gofish.CardTest" name="testGetSuit[18]" time="0"/>
  <testcase classname="edu.wiu.gofish.CardTest" name="testGetSuitString[18]" time="0"/>
  <testcase classname="edu.wiu.gofish.CardTest" name="testGetRankString[19]" time="0"/>
  <testcase classname="edu.wiu.gofish.CardTest" name="testGetRank[19]" time="0"/>
  <testcase classname="edu.wiu.gofish.CardTest" name="testGetSuit[19]" time="0"/>
  <testcase classname="edu.wiu.gofish.CardTest" name="testGetSuitString[19]" time="0"/>
  <testcase classname="edu.wiu.gofish.CardTest" name="testGetRankString[20]" time="0"/>
  <testcase classname="edu.wiu.gofish.CardTest" name="testGetRank[20]" time="0"/>
  <testcase classname="edu.wiu.gofish.CardTest" name="testGetSuit[20]" time="0"/>
  <testcase classname="edu.wiu.gofish.CardTest" name="testGetSuitString[20]" time="0"/>
  <testcase classname="edu.wiu.gofish.CardTest" name="testGetRankString[21]" time="0"/>
  <testcase classname="edu.wiu.gofish.CardTest" name="testGetRank[21]" time="0"/>
  <testcase classname="edu.wiu.gofish.CardTest" name="testGetSuit[21]" time="0"/>
  <testcase classname="edu.wiu.gofish.CardTest" name="testGetSuitString[21]" time="0"/>
  <testcase classname="edu.wiu.gofish.CardTest" name="testGetRankString[22]" time="0"/>
  <testcase classname="edu.wiu.gofish.CardTest" name="testGetRank[22]" time="0"/>
  <testcase classname="edu.wiu.gofish.CardTest" name="testGetSuit[22]" time="0"/>
  <testcase classname="edu.wiu.gofish.CardTest" name="testGetSuitString[22]" time="0"/>
  <testcase classname="edu.wiu.gofish.CardTest" name="testGetRankString[23]" time="0"/>
  <testcase classname="edu.wiu.gofish.CardTest" name="testGetRank[23]" time="0"/>
  <testcase classname="edu.wiu.gofish.CardTest" name="testGetSuit[23]" time="0"/>
  <testcase classname="edu.wiu.gofish.CardTest" name="testGetSuitString[23]" time="0"/>
  <testcase classname="edu.wiu.gofish.CardTest" name="testGetRankString[24]" time="0"/>
  <testcase classname="edu.wiu.gofish.CardTest" name="testGetRank[24]" time="0.001"/>
  <testcase classname="edu.wiu.gofish.CardTest" name="testGetSuit[24]" time="0"/>
  <testcase classname="edu.wiu.gofish.CardTest" name="testGetSuitString[24]" time="0"/>
  <testcase classname="edu.wiu.gofish.CardTest" name="testGetRankString[25]" time="0"/>
  <testcase classname="edu.wiu.gofish.CardTest" name="testGetRank[25]" time="0"/>
  <testcase classname="edu.wiu.gofish.CardTest" name="testGetSuit[25]" time="0"/>
  <testcase classname="edu.wiu.gofish.CardTest" name="testGetSuitString[25]" time="0"/>
  <testcase classname="edu.wiu.gofish.CardTest" name="testGetRankString[26]" time="0"/>
  <testcase classname="edu.wiu.gofish.CardTest" name="testGetRank[26]" time="0"/>
  <testcase classname="edu.wiu.gofish.CardTest" name="testGetSuit[26]" time="0"/>
  <testcase classname="edu.wiu.gofish.CardTest" name="testGetSuitString[26]" time="0"/>
  <testcase classname="edu.wiu.gofish.CardTest" name="testGetRankString[27]" time="0"/>
  <testcase classname="edu.wiu.gofish.CardTest" name="testGetRank[27]" time="0"/>
  <testcase classname="edu.wiu.gofish.CardTest" name="testGetSuit[27]" time="0"/>
  <testcase classname="edu.wiu.gofish.CardTest" name="testGetSuitString[27]" time="0"/>
  <testcase classname="edu.wiu.gofish.CardTest" name="testGetRankString[28]" time="0"/>
  <testcase classname="edu.wiu.gofish.CardTest" name="testGetRank[28]" time="0"/>
  <testcase classname="edu.wiu.gofish.CardTest" name="testGetSuit[28]" time="0"/>
  <testcase classname="edu.wiu.gofish.CardTest" name="testGetSuitString[28]" time="0"/>
  <testcase classname="edu.wiu.gofish.CardTest" name="testGetRankString[29]" time="0"/>
  <testcase classname="edu.wiu.gofish.CardTest" name="testGetRank[29]" time="0"/>
  <testcase classname="edu.wiu.gofish.CardTest" name="testGetSuit[29]" time="0"/>
  <testcase classname="edu.wiu.gofish.CardTest" name="testGetSuitString[29]" time="0"/>
  <testcase classname="edu.wiu.gofish.CardTest" name="testGetRankString[30]" time="0"/>
  <testcase classname="edu.wiu.gofish.CardTest" name="testGetRank[30]" time="0"/>
  <testcase classname="edu.wiu.gofish.CardTest" name="testGetSuit[30]" time="0"/>
  <testcase classname="edu.wiu.gofish.CardTest" name="testGetSuitString[30]" time="0"/>
  <testcase classname="edu.wiu.gofish.CardTest" name="testGetRankString[31]" time="0"/>
  <testcase classname="edu.wiu.gofish.CardTest" name="testGetRank[31]" time="0"/>
  <testcase classname="edu.wiu.gofish.CardTest" name="testGetSuit[31]" time="0"/>
  <testcase classname="edu.wiu.gofish.CardTest" name="testGetSuitString[31]" time="0"/>
  <testcase classname="edu.wiu.gofish.CardTest" name="testGetRankString[32]" time="0"/>
  <testcase classname="edu.wiu.gofish.CardTest" name="testGetRank[32]" time="0"/>
  <testcase classname="edu.wiu.gofish.CardTest" name="testGetSuit[32]" time="0"/>
  <testcase classname="edu.wiu.gofish.CardTest" name="testGetSuitString[32]" time="0"/>
  <testcase classname="edu.wiu.gofish.CardTest" name="testGetRankString[33]" time="0"/>
  <testcase classname="edu.wiu.gofish.CardTest" name="testGetRank[33]" time="0"/>
  <testcase classname="edu.wiu.gofish.CardTest" name="testGetSuit[33]" time="0"/>
  <testcase classname="edu.wiu.gofish.CardTest" name="testGetSuitString[33]" time="0"/>
  <testcase classname="edu.wiu.gofish.CardTest" name="testGetRankString[34]" time="0"/>
  <testcase classname="edu.wiu.gofish.CardTest" name="testGetRank[34]" time="0"/>
  <testcase classname="edu.wiu.gofish.CardTest" name="testGetSuit[34]" time="0"/>
  <testcase classname="edu.wiu.gofish.CardTest" name="testGetSuitString[34]" time="0"/>
  <testcase classname="edu.wiu.gofish.CardTest" name="testGetRankString[35]" time="0"/>
  <testcase classname="edu.wiu.gofish.CardTest" name="testGetRank[35]" time="0"/>
  <testcase classname="edu.wiu.gofish.CardTest" name="testGetSuit[35]" time="0"/>
  <testcase classname="edu.wiu.gofish.CardTest" name="testGetSuitString[35]" time="0"/>
  <testcase classname="edu.wiu.gofish.CardTest" name="testGetRankString[36]" time="0"/>
  <testcase classname="edu.wiu.gofish.CardTest" name="testGetRank[36]" time="0"/>
  <testcase classname="edu.wiu.gofish.CardTest" name="testGetSuit[36]" time="0"/>
  <testcase classname="edu.wiu.gofish.CardTest" name="testGetSuitString[36]" time="0"/>
  <testcase classname="edu.wiu.gofish.CardTest" name="testGetRankString[37]" time="0"/>
  <testcase classname="edu.wiu.gofish.CardTest" name="testGetRank[37]" time="0"/>
  <testcase classname="edu.wiu.gofish.CardTest" name="testGetSuit[37]" time="0"/>
  <testcase classname="edu.wiu.gofish.CardTest" name="testGetSuitString[37]" time="0"/>
  <testcase classname="edu.wiu.gofish.CardTest" name="testGetRankString[38]" time="0"/>
  <testcase classname="edu.wiu.gofish.CardTest" name="testGetRank[38]" time="0"/>
  <testcase classname="edu.wiu.gofish.CardTest" name="testGetSuit[38]" time="0"/>
  <testcase classname="edu.wiu.gofish.CardTest" name="testGetSuitString[38]" time="0"/>
  <testcase classname="edu.wiu.gofish.CardTest" name="testGetRankString[39]" time="0"/>
  <testcase classname="edu.wiu.gofish.CardTest" name="testGetRank[39]" time="0"/>
  <testcase classname="edu.wiu.gofish.CardTest" name="testGetSuit[39]" time="0"/>
  <testcase classname="edu.wiu.gofish.CardTest" name="testGetSuitString[39]" time="0"/>
  <testcase classname="edu.wiu.gofish.CardTest" name="testGetRankString[40]" time="0"/>
  <testcase classname="edu.wiu.gofish.CardTest" name="testGetRank[40]" time="0"/>
  <testcase classname="edu.wiu.gofish.CardTest" name="testGetSuit[40]" time="0"/>
  <testcase classname="edu.wiu.gofish.CardTest" name="testGetSuitString[40]" time="0"/>
  <testcase classname="edu.wiu.gofish.CardTest" name="testGetRankString[41]" time="0"/>
  <testcase classname="edu.wiu.gofish.CardTest" name="testGetRank[41]" time="0"/>
  <testcase classname="edu.wiu.gofish.CardTest" name="testGetSuit[41]" time="0"/>
  <testcase classname="edu.wiu.gofish.CardTest" name="testGetSuitString[41]" time="0"/>
  <testcase classname="edu.wiu.gofish.CardTest" name="testGetRankString[42]" time="0"/>
  <testcase classname="edu.wiu.gofish.CardTest" name="testGetRank[42]" time="0"/>
  <testcase classname="edu.wiu.gofish.CardTest" name="testGetSuit[42]" time="0"/>
  <testcase classname="edu.wiu.gofish.CardTest" name="testGetSuitString[42]" time="0"/>
  <testcase classname="edu.wiu.gofish.CardTest" name="testGetRankString[43]" time="0"/>
  <testcase classname="edu.wiu.gofish.CardTest" name="testGetRank[43]" time="0"/>
  <testcase classname="edu.wiu.gofish.CardTest" name="testGetSuit[43]" time="0.001"/>
  <testcase classname="edu.wiu.gofish.CardTest" name="testGetSuitString[43]" time="0"/>
  <testcase classname="edu.wiu.gofish.CardTest" name="testGetRankString[44]" time="0"/>
  <testcase classname="edu.wiu.gofish.CardTest" name="testGetRank[44]" time="0"/>
  <testcase classname="edu.wiu.gofish.CardTest" name="testGetSuit[44]" time="0"/>
  <testcase classname="edu.wiu.gofish.CardTest" name="testGetSuitString[44]" time="0"/>
  <testcase classname="edu.wiu.gofish.CardTest" name="testGetRankString[45]" time="0"/>
  <testcase classname="edu.wiu.gofish.CardTest" name="testGetRank[45]" time="0"/>
  <testcase classname="edu.wiu.gofish.CardTest" name="testGetSuit[45]" time="0"/>
  <testcase classname="edu.wiu.gofish.CardTest" name="testGetSuitString[45]" time="0"/>
  <testcase classname="edu.wiu.gofish.CardTest" name="testGetRankString[46]" time="0"/>
  <testcase classname="edu.wiu.gofish.CardTest" name="testGetRank[46]" time="0"/>
  <testcase classname="edu.wiu.gofish.CardTest" name="testGetSuit[46]" time="0"/>
  <testcase classname="edu.wiu.gofish.CardTest" name="testGetSuitString[46]" time="0"/>
  <testcase classname="edu.wiu.gofish.CardTest" name="testGetRankString[47]" time="0"/>
  <testcase classname="edu.wiu.gofish.CardTest" name="testGetRank[47]" time="0"/>
  <testcase classname="edu.wiu.gofish.CardTest" name="testGetSuit[47]" time="0"/>
  <testcase classname="edu.wiu.gofish.CardTest" name="testGetSuitString[47]" time="0"/>
  <testcase classname="edu.wiu.gofish.CardTest" name="testGetRankString[48]" time="0"/>
  <testcase classname="edu.wiu.gofish.CardTest" name="testGetRank[48]" time="0"/>
  <testcase classname="edu.wiu.gofish.CardTest" name="testGetSuit[48]" time="0"/>
  <testcase classname="edu.wiu.gofish.CardTest" name="testGetSuitString[48]" time="0"/>
  <testcase classname="edu.wiu.gofish.CardTest" name="testGetRankString[49]" time="0"/>
  <testcase classname="edu.wiu.gofish.CardTest" name="testGetRank[49]" time="0"/>
  <testcase classname="edu.wiu.gofish.CardTest" name="testGetSuit[49]" time="0"/>
  <testcase classname="edu.wiu.gofish.CardTest" name="testGetSuitString[49]" time="0"/>
  <testcase classname="edu.wiu.gofish.CardTest" name="testGetRankString[50]" time="0"/>
  <testcase classname="edu.wiu.gofish.CardTest" name="testGetRank[50]" time="0"/>
  <testcase classname="edu.wiu.gofish.CardTest" name="testGetSuit[50]" time="0"/>
  <testcase classname="edu.wiu.gofish.CardTest" name="testGetSuitString[50]" time="0"/>
  <testcase classname="edu.wiu.gofish.CardTest" name="testGetRankString[51]" time="0"/>
  <testcase classname="edu.wiu.gofish.CardTest" name="testGetRank[51]" time="0"/>
  <testcase classname="edu.wiu.gofish.CardTest" name="testGetSuit[51]" time="0"/>
  <testcase classname="edu.wiu.gofish.CardTest" name="testGetSuitString[51]" time="0"/>
  <testcase classname="edu.wiu.gofish.DeckTest" name="testGetSize1" time="0"/>
  <testcase classname="edu.wiu.gofish.DeckTest" name="testGetSize2" time="0"/>
  <testcase classname="edu.wiu.gofish.DeckTest" name="testReset" time="0"/>
  <testcase classname="edu.wiu.gofish.DeckTest" name="testDraw" time="0"/>
  <testcase classname="edu.wiu.gofish.DeckTest" name="testShuffle" time="0"/>
  <testcase classname="edu.wiu.gofish.GameTest" name="testCheckGameOver" time="0"/>
  <testcase classname="edu.wiu.gofish.GameTest" name="testStartGame" time="0.002"/>
  <testcase classname="edu.wiu.gofish.GameTest" name="testGetPlayerCount" time="0"/>
  <testcase classname="edu.wiu.gofish.GameTest" name="testGetCurrentTurn" time="0"/>
  <testcase classname="edu.wiu.gofish.GameTest" name="testGetDeck" time="0"/>
  <testcase classname="edu.wiu.gofish.GameTest" name="testGetGameOver" time="0"/>
  <testcase classname="edu.wiu.gofish.GameTest" name="testGetPlayers" time="0"/>
  <testcase classname="edu.wiu.gofish.GameTest" name="testGetCurrentTurnName" time="0"/>
  <testcase classname="edu.wiu.gofish.GameTest" name="testCreateCard" time="0"/>
  <testcase classname="edu.wiu.gofish.GameTest" name="testGetCurrentTurnPlayer" time="0.001"/>
  <testcase classname="edu.wiu.gofish.GameTest" name="testGoFish" time="0"/>
  <testcase classname="edu.wiu.gofish.GameTest" name="testGetPlayer" time="0"/>
  <testcase classname="edu.wiu.gofish.GameTest" name="testSetNextPlayerTurn" time="0.002"/>
  <testcase classname="edu.wiu.gofish.GameTest" name="testGetWinner" time="0"/>
  <testcase classname="edu.wiu.gofish.PlayerTest" name="testGetScore" time="0"/>
  <testcase classname="edu.wiu.gofish.PlayerTest" name="testSetPlayerid" time="0"/>
  <testcase classname="edu.wiu.gofish.PlayerTest" name="testGetCard" time="0"/>
  <testcase classname="edu.wiu.gofish.PlayerTest" name="testGetHand" time="0"/>
  <testcase classname="edu.wiu.gofish.PlayerTest" name="testGetName" time="0"/>
  <testcase classname="edu.wiu.gofish.PlayerTest" name="testRemoveCard" time="0"/>
  <testcase classname="edu.wiu.gofish.PlayerTest" name="testIncreaseScore" time="0"/>
  <testcase classname="edu.wiu.gofish.PlayerTest" name="testGetAmountInHand" time="0"/>
  <testcase classname="edu.wiu.gofish.PlayerTest" name="testGetPlayernumber" time="0"/>
  <testcase classname="edu.wiu.gofish.GoFishTest" name="testRoundAA" time="0"/>
  <testcase classname="edu.wiu.gofish.GoFishTest" name="testRoundAAAdeckcount" time="0"/>
  <testcase classname="edu.wiu.gofish.GoFishTest" name="testRoundAACgetcurrentplayer" time="0"/>
  <testcase classname="edu.wiu.gofish.GoFishTest" name="testRoundAB" time="0"/>
  <testcase classname="edu.wiu.gofish.GoFishTest" name="testRoundABAdeckcount" time="0"/>
  <testcase classname="edu.wiu.gofish.GoFishTest" name="testRoundABCgetcurrentplayer" time="0"/>
  <testcase classname="edu.wiu.gofish.GoFishTest" name="testRoundBA" time="0"/>
  <testcase classname="edu.wiu.gofish.GoFishTest" name="testRoundBAAdeckcount" time="0"/>
  <testcase classname="edu.wiu.gofish.GoFishTest" name="testRoundBABgetcurrentplayer" time="0"/>
  <testcase classname="edu.wiu.gofish.GoFishTest" name="testRoundBB" time="0"/>
  <testcase classname="edu.wiu.gofish.GoFishTest" name="testRoundBBAdeckcount" time="0.001"/>
  <testcase classname="edu.wiu.gofish.GoFishTest" name="testRoundBBCgetcurrentplayer" time="0"/>
  <testcase classname="edu.wiu.gofish.GoFishTest" name="testRoundCA" time="0"/>
  <testcase classname="edu.wiu.gofish.GoFishTest" name="testRoundCAAdeckcount" time="0"/>
  <testcase classname="edu.wiu.gofish.GoFishTest" name="testRoundCABgetcurrentplayer" time="0"/>
  <testcase classname="edu.wiu.gofish.GoFishTest" name="testRoundCB" time="0"/>
  <testcase classname="edu.wiu.gofish.GoFishTest" name="testRoundCBAdeckcount" time="0"/>
  <testcase classname="edu.wiu.gofish.GoFishTest" name="testRoundCBCgetcurrentplayer" time="0"/>
  <testcase classname="edu.wiu.gofish.GoFishTest" name="testRoundDA" time="0.001"/>
</testsuite>